2022-15-09 06:15:23.250  INFO 20976 --- [           main] application                              : Autoreload is disabled because the development mode is off.
2022-15-09 06:15:23.666  INFO 20976 --- [           main] application                              : Application auto-reloaded in 0.413 seconds.
2022-15-09 06:15:23.672 DEBUG 20976 --- [           main] InternalLoggerFactory                    : Using SLF4J as the default logging framework
2022-15-09 06:15:23.697 DEBUG 20976 --- [           main] PlatformDependent0                       : -Dio.netty.noUnsafe: false
2022-15-09 06:15:23.697 DEBUG 20976 --- [           main] PlatformDependent0                       : Java version: 17
2022-15-09 06:15:23.698 DEBUG 20976 --- [           main] PlatformDependent0                       : sun.misc.Unsafe.theUnsafe: available
2022-15-09 06:15:23.699 DEBUG 20976 --- [           main] PlatformDependent0                       : sun.misc.Unsafe.copyMemory: available
2022-15-09 06:15:23.699 DEBUG 20976 --- [           main] PlatformDependent0                       : java.nio.Buffer.address: available
2022-15-09 06:15:23.700 DEBUG 20976 --- [           main] PlatformDependent0                       : direct buffer constructor: unavailable: Reflective setAccessible(true) disabled
2022-15-09 06:15:23.700 DEBUG 20976 --- [           main] PlatformDependent0                       : java.nio.Bits.unaligned: available, true
2022-15-09 06:15:23.701 DEBUG 20976 --- [           main] PlatformDependent0                       : jdk.internal.misc.Unsafe.allocateUninitializedArray(int): unavailable: class io.netty.util.internal.PlatformDependent0$6 cannot access class jdk.internal.misc.Unsafe (in module java.base) because module java.base does not export jdk.internal.misc to unnamed module @47542153
2022-15-09 06:15:23.702 DEBUG 20976 --- [           main] PlatformDependent0                       : java.nio.DirectByteBuffer.<init>(long, int): unavailable
2022-15-09 06:15:23.702 DEBUG 20976 --- [           main] PlatformDependent                        : sun.misc.Unsafe: available
2022-15-09 06:15:23.703 DEBUG 20976 --- [           main] PlatformDependent                        : maxDirectMemory: 17171480576 bytes (maybe)
2022-15-09 06:15:23.703 DEBUG 20976 --- [           main] PlatformDependent                        : -Dio.netty.tmpdir: R:\Temp (java.io.tmpdir)
2022-15-09 06:15:23.704 DEBUG 20976 --- [           main] PlatformDependent                        : -Dio.netty.bitMode: 64 (sun.arch.data.model)
2022-15-09 06:15:23.704 DEBUG 20976 --- [           main] PlatformDependent                        : Platform: Windows
2022-15-09 06:15:23.705 DEBUG 20976 --- [           main] PlatformDependent                        : -Dio.netty.maxDirectMemory: -1 bytes
2022-15-09 06:15:23.705 DEBUG 20976 --- [           main] PlatformDependent                        : -Dio.netty.uninitializedArrayAllocationThreshold: -1
2022-15-09 06:15:23.706 DEBUG 20976 --- [           main] CleanerJava9                             : java.nio.ByteBuffer.cleaner(): available
2022-15-09 06:15:23.706 DEBUG 20976 --- [           main] PlatformDependent                        : -Dio.netty.noPreferDirect: false
2022-15-09 06:15:23.779 DEBUG 20976 --- [           main] MultithreadEventLoopGroup                : -Dio.netty.eventLoopThreads: 48
2022-15-09 06:15:23.792 DEBUG 20976 --- [           main] InternalThreadLocalMap                   : -Dio.netty.threadLocalMap.stringBuilder.initialSize: 1024
2022-15-09 06:15:23.792 DEBUG 20976 --- [           main] InternalThreadLocalMap                   : -Dio.netty.threadLocalMap.stringBuilder.maxSize: 4096
2022-15-09 06:15:23.797 DEBUG 20976 --- [           main] NioEventLoop                             : -Dio.netty.noKeySetOptimization: false
2022-15-09 06:15:23.797 DEBUG 20976 --- [           main] NioEventLoop                             : -Dio.netty.selectorAutoRebuildThreshold: 512
2022-15-09 06:15:23.804 DEBUG 20976 --- [           main] PlatformDependent                        : org.jctools-core.MpscChunkedArrayQueue: available
2022-15-09 06:15:24.138 DEBUG 20976 --- [           main] DefaultChannelId                         : -Dio.netty.processId: 20976 (auto-detected)
2022-15-09 06:15:24.140 DEBUG 20976 --- [           main] NetUtil                                  : -Djava.net.preferIPv4Stack: false
2022-15-09 06:15:24.140 DEBUG 20976 --- [           main] NetUtil                                  : -Djava.net.preferIPv6Addresses: false
2022-15-09 06:15:24.147 DEBUG 20976 --- [           main] NetUtilInitializations                   : Loopback interface: lo (Software Loopback Interface 1, 127.0.0.1)
2022-15-09 06:15:24.148 DEBUG 20976 --- [           main] NetUtil                                  : Failed to get SOMAXCONN from sysctl and file \proc\sys\net\core\somaxconn. Default: 200
2022-15-09 06:15:24.166 DEBUG 20976 --- [           main] DefaultChannelId                         : -Dio.netty.machineId: 18:c0:4d:ff:fe:30:e1:5c (auto-detected)
2022-15-09 06:15:24.174 DEBUG 20976 --- [           main] ResourceLeakDetector                     : -Dio.netty.leakDetection.level: simple
2022-15-09 06:15:24.174 DEBUG 20976 --- [           main] ResourceLeakDetector                     : -Dio.netty.leakDetection.targetRecords: 4
2022-15-09 06:15:24.191 DEBUG 20976 --- [           main] PooledByteBufAllocator                   : -Dio.netty.allocator.numHeapArenas: 48
2022-15-09 06:15:24.191 DEBUG 20976 --- [           main] PooledByteBufAllocator                   : -Dio.netty.allocator.numDirectArenas: 48
2022-15-09 06:15:24.191 DEBUG 20976 --- [           main] PooledByteBufAllocator                   : -Dio.netty.allocator.pageSize: 8192
2022-15-09 06:15:24.191 DEBUG 20976 --- [           main] PooledByteBufAllocator                   : -Dio.netty.allocator.maxOrder: 11
2022-15-09 06:15:24.191 DEBUG 20976 --- [           main] PooledByteBufAllocator                   : -Dio.netty.allocator.chunkSize: 16777216
2022-15-09 06:15:24.191 DEBUG 20976 --- [           main] PooledByteBufAllocator                   : -Dio.netty.allocator.smallCacheSize: 256
2022-15-09 06:15:24.191 DEBUG 20976 --- [           main] PooledByteBufAllocator                   : -Dio.netty.allocator.normalCacheSize: 64
2022-15-09 06:15:24.192 DEBUG 20976 --- [           main] PooledByteBufAllocator                   : -Dio.netty.allocator.maxCachedBufferCapacity: 32768
2022-15-09 06:15:24.192 DEBUG 20976 --- [           main] PooledByteBufAllocator                   : -Dio.netty.allocator.cacheTrimInterval: 8192
2022-15-09 06:15:24.192 DEBUG 20976 --- [           main] PooledByteBufAllocator                   : -Dio.netty.allocator.cacheTrimIntervalMillis: 0
2022-15-09 06:15:24.192 DEBUG 20976 --- [           main] PooledByteBufAllocator                   : -Dio.netty.allocator.useCacheForAllThreads: true
2022-15-09 06:15:24.192 DEBUG 20976 --- [           main] PooledByteBufAllocator                   : -Dio.netty.allocator.maxCachedByteBuffersPerChunk: 1023
2022-15-09 06:15:24.202 DEBUG 20976 --- [           main] ByteBufUtil                              : -Dio.netty.allocator.type: pooled
2022-15-09 06:15:24.202 DEBUG 20976 --- [           main] ByteBufUtil                              : -Dio.netty.threadLocalDirectBufferSize: 0
2022-15-09 06:15:24.202 DEBUG 20976 --- [           main] ByteBufUtil                              : -Dio.netty.maxThreadLocalCharBufferSize: 16384
2022-15-09 06:15:24.214  INFO 20976 --- [DefaultDispatch] application                              : Responding at http://localhost:8080
