2022-15-09 06:15:38.407  INFO 11896 --- [           main] application                              : Autoreload is disabled because the development mode is off.
2022-15-09 06:15:38.796  INFO 11896 --- [           main] application                              : Application auto-reloaded in 0.386 seconds.
2022-15-09 06:15:38.802 DEBUG 11896 --- [           main] InternalLoggerFactory                    : Using SLF4J as the default logging framework
2022-15-09 06:15:38.823 DEBUG 11896 --- [           main] PlatformDependent0                       : -Dio.netty.noUnsafe: false
2022-15-09 06:15:38.823 DEBUG 11896 --- [           main] PlatformDependent0                       : Java version: 17
2022-15-09 06:15:38.824 DEBUG 11896 --- [           main] PlatformDependent0                       : sun.misc.Unsafe.theUnsafe: available
2022-15-09 06:15:38.825 DEBUG 11896 --- [           main] PlatformDependent0                       : sun.misc.Unsafe.copyMemory: available
2022-15-09 06:15:38.826 DEBUG 11896 --- [           main] PlatformDependent0                       : java.nio.Buffer.address: available
2022-15-09 06:15:38.826 DEBUG 11896 --- [           main] PlatformDependent0                       : direct buffer constructor: unavailable: Reflective setAccessible(true) disabled
2022-15-09 06:15:38.827 DEBUG 11896 --- [           main] PlatformDependent0                       : java.nio.Bits.unaligned: available, true
2022-15-09 06:15:38.828 DEBUG 11896 --- [           main] PlatformDependent0                       : jdk.internal.misc.Unsafe.allocateUninitializedArray(int): unavailable: class io.netty.util.internal.PlatformDependent0$6 cannot access class jdk.internal.misc.Unsafe (in module java.base) because module java.base does not export jdk.internal.misc to unnamed module @47542153
2022-15-09 06:15:38.829 DEBUG 11896 --- [           main] PlatformDependent0                       : java.nio.DirectByteBuffer.<init>(long, int): unavailable
2022-15-09 06:15:38.829 DEBUG 11896 --- [           main] PlatformDependent                        : sun.misc.Unsafe: available
2022-15-09 06:15:38.830 DEBUG 11896 --- [           main] PlatformDependent                        : maxDirectMemory: 17171480576 bytes (maybe)
2022-15-09 06:15:38.830 DEBUG 11896 --- [           main] PlatformDependent                        : -Dio.netty.tmpdir: R:\Temp (java.io.tmpdir)
2022-15-09 06:15:38.830 DEBUG 11896 --- [           main] PlatformDependent                        : -Dio.netty.bitMode: 64 (sun.arch.data.model)
2022-15-09 06:15:38.831 DEBUG 11896 --- [           main] PlatformDependent                        : Platform: Windows
2022-15-09 06:15:38.832 DEBUG 11896 --- [           main] PlatformDependent                        : -Dio.netty.maxDirectMemory: -1 bytes
2022-15-09 06:15:38.832 DEBUG 11896 --- [           main] PlatformDependent                        : -Dio.netty.uninitializedArrayAllocationThreshold: -1
2022-15-09 06:15:38.833 DEBUG 11896 --- [           main] CleanerJava9                             : java.nio.ByteBuffer.cleaner(): available
2022-15-09 06:15:38.833 DEBUG 11896 --- [           main] PlatformDependent                        : -Dio.netty.noPreferDirect: false
2022-15-09 06:15:38.903 DEBUG 11896 --- [           main] MultithreadEventLoopGroup                : -Dio.netty.eventLoopThreads: 48
2022-15-09 06:15:38.913 DEBUG 11896 --- [           main] InternalThreadLocalMap                   : -Dio.netty.threadLocalMap.stringBuilder.initialSize: 1024
2022-15-09 06:15:38.913 DEBUG 11896 --- [           main] InternalThreadLocalMap                   : -Dio.netty.threadLocalMap.stringBuilder.maxSize: 4096
2022-15-09 06:15:38.917 DEBUG 11896 --- [           main] NioEventLoop                             : -Dio.netty.noKeySetOptimization: false
2022-15-09 06:15:38.918 DEBUG 11896 --- [           main] NioEventLoop                             : -Dio.netty.selectorAutoRebuildThreshold: 512
2022-15-09 06:15:38.923 DEBUG 11896 --- [           main] PlatformDependent                        : org.jctools-core.MpscChunkedArrayQueue: available
2022-15-09 06:15:38.969 DEBUG 11896 --- [           main] DefaultChannelId                         : -Dio.netty.processId: 11896 (auto-detected)
2022-15-09 06:15:38.971 DEBUG 11896 --- [           main] NetUtil                                  : -Djava.net.preferIPv4Stack: false
2022-15-09 06:15:38.971 DEBUG 11896 --- [           main] NetUtil                                  : -Djava.net.preferIPv6Addresses: false
2022-15-09 06:15:38.978 DEBUG 11896 --- [           main] NetUtilInitializations                   : Loopback interface: lo (Software Loopback Interface 1, 127.0.0.1)
2022-15-09 06:15:38.979 DEBUG 11896 --- [           main] NetUtil                                  : Failed to get SOMAXCONN from sysctl and file \proc\sys\net\core\somaxconn. Default: 200
2022-15-09 06:15:38.998 DEBUG 11896 --- [           main] DefaultChannelId                         : -Dio.netty.machineId: 18:c0:4d:ff:fe:30:e1:5c (auto-detected)
2022-15-09 06:15:39.007 DEBUG 11896 --- [           main] ResourceLeakDetector                     : -Dio.netty.leakDetection.level: simple
2022-15-09 06:15:39.007 DEBUG 11896 --- [           main] ResourceLeakDetector                     : -Dio.netty.leakDetection.targetRecords: 4
2022-15-09 06:15:39.031 DEBUG 11896 --- [           main] PooledByteBufAllocator                   : -Dio.netty.allocator.numHeapArenas: 48
2022-15-09 06:15:39.031 DEBUG 11896 --- [           main] PooledByteBufAllocator                   : -Dio.netty.allocator.numDirectArenas: 48
2022-15-09 06:15:39.031 DEBUG 11896 --- [           main] PooledByteBufAllocator                   : -Dio.netty.allocator.pageSize: 8192
2022-15-09 06:15:39.032 DEBUG 11896 --- [           main] PooledByteBufAllocator                   : -Dio.netty.allocator.maxOrder: 11
2022-15-09 06:15:39.032 DEBUG 11896 --- [           main] PooledByteBufAllocator                   : -Dio.netty.allocator.chunkSize: 16777216
2022-15-09 06:15:39.032 DEBUG 11896 --- [           main] PooledByteBufAllocator                   : -Dio.netty.allocator.smallCacheSize: 256
2022-15-09 06:15:39.032 DEBUG 11896 --- [           main] PooledByteBufAllocator                   : -Dio.netty.allocator.normalCacheSize: 64
2022-15-09 06:15:39.032 DEBUG 11896 --- [           main] PooledByteBufAllocator                   : -Dio.netty.allocator.maxCachedBufferCapacity: 32768
2022-15-09 06:15:39.033 DEBUG 11896 --- [           main] PooledByteBufAllocator                   : -Dio.netty.allocator.cacheTrimInterval: 8192
2022-15-09 06:15:39.033 DEBUG 11896 --- [           main] PooledByteBufAllocator                   : -Dio.netty.allocator.cacheTrimIntervalMillis: 0
2022-15-09 06:15:39.033 DEBUG 11896 --- [           main] PooledByteBufAllocator                   : -Dio.netty.allocator.useCacheForAllThreads: true
2022-15-09 06:15:39.034 DEBUG 11896 --- [           main] PooledByteBufAllocator                   : -Dio.netty.allocator.maxCachedByteBuffersPerChunk: 1023
2022-15-09 06:15:39.045 DEBUG 11896 --- [           main] ByteBufUtil                              : -Dio.netty.allocator.type: pooled
2022-15-09 06:15:39.045 DEBUG 11896 --- [           main] ByteBufUtil                              : -Dio.netty.threadLocalDirectBufferSize: 0
2022-15-09 06:15:39.045 DEBUG 11896 --- [           main] ByteBufUtil                              : -Dio.netty.maxThreadLocalCharBufferSize: 16384
2022-15-09 06:15:39.058  INFO 11896 --- [DefaultDispatch] application                              : Responding at http://localhost:8080
2022-16-09 06:16:40.260 DEBUG 11896 --- [eventLoopGroupP] AbstractByteBuf                          : -Dio.netty.buffer.checkAccessible: true
2022-16-09 06:16:40.261 DEBUG 11896 --- [eventLoopGroupP] AbstractByteBuf                          : -Dio.netty.buffer.checkBounds: true
2022-16-09 06:16:40.262 DEBUG 11896 --- [eventLoopGroupP] ResourceLeakDetectorFactory              : Loaded default ResourceLeakDetector: io.netty.util.ResourceLeakDetector@2749a400
2022-16-09 06:16:40.289 DEBUG 11896 --- [eventLoopGroupP] Recycler                                 : -Dio.netty.recycler.maxCapacityPerThread: 4096
2022-16-09 06:16:40.290 DEBUG 11896 --- [eventLoopGroupP] Recycler                                 : -Dio.netty.recycler.ratio: 8
2022-16-09 06:16:40.290 DEBUG 11896 --- [eventLoopGroupP] Recycler                                 : -Dio.netty.recycler.chunkSize: 32
2022-16-09 06:16:40.290 DEBUG 11896 --- [eventLoopGroupP] Recycler                                 : -Dio.netty.recycler.blocking: false
2022-19-09 06:19:02.495 DEBUG 11896 --- [eventLoopGroupP] application                              : 200 OK: GET - /graph/. Exception class com.fasterxml.jackson.databind.exc.InvalidDefinitionException: Invalid type definition for type `java.util.concurrent.Executors$FinalizableDelegatedExecutorService`: Failed to construct BeanSerializer for [simple type, class java.util.concurrent.Executors$FinalizableDelegatedExecutorService]: (java.lang.IllegalArgumentException) Failed to call `setAccess()` on Method 'isShutdown' (of class `java.util.concurrent.Executors$DelegatedExecutorService`) due to `java.lang.reflect.InaccessibleObjectException`, problem: Unable to make public boolean java.util.concurrent.Executors$DelegatedExecutorService.isShutdown() accessible: module java.base does not "opens java.util.concurrent" to unnamed module @47542153 (through reference chain: java.util.LinkedHashMap["00000000-0000-0000-0000-000000000000"]->com.valaphee.flow.Graph["coroutineContext"]->kotlinx.coroutines.ExecutorCoroutineDispatcherImpl["executor"])]
com.fasterxml.jackson.databind.exc.InvalidDefinitionException: Invalid type definition for type `java.util.concurrent.Executors$FinalizableDelegatedExecutorService`: Failed to construct BeanSerializer for [simple type, class java.util.concurrent.Executors$FinalizableDelegatedExecutorService]: (java.lang.IllegalArgumentException) Failed to call `setAccess()` on Method 'isShutdown' (of class `java.util.concurrent.Executors$DelegatedExecutorService`) due to `java.lang.reflect.InaccessibleObjectException`, problem: Unable to make public boolean java.util.concurrent.Executors$DelegatedExecutorService.isShutdown() accessible: module java.base does not "opens java.util.concurrent" to unnamed module @47542153 (through reference chain: java.util.LinkedHashMap["00000000-0000-0000-0000-000000000000"]->com.valaphee.flow.Graph["coroutineContext"]->kotlinx.coroutines.ExecutorCoroutineDispatcherImpl["executor"])
	at com.fasterxml.jackson.databind.exc.InvalidDefinitionException.from(InvalidDefinitionException.java:72) ~[jackson-databind-2.13.2.jar:2.13.2]
	at com.fasterxml.jackson.databind.SerializerProvider.reportBadTypeDefinition(SerializerProvider.java:1272) ~[jackson-databind-2.13.2.jar:2.13.2]
	at com.fasterxml.jackson.databind.ser.BeanSerializerFactory.constructBeanOrAddOnSerializer(BeanSerializerFactory.java:474) ~[jackson-databind-2.13.2.jar:2.13.2]
	at com.fasterxml.jackson.databind.ser.BeanSerializerFactory.findBeanOrAddOnSerializer(BeanSerializerFactory.java:294) ~[jackson-databind-2.13.2.jar:2.13.2]
	at com.fasterxml.jackson.databind.ser.BeanSerializerFactory._createSerializer2(BeanSerializerFactory.java:239) ~[jackson-databind-2.13.2.jar:2.13.2]
	at com.fasterxml.jackson.databind.ser.BeanSerializerFactory.createSerializer(BeanSerializerFactory.java:173) ~[jackson-databind-2.13.2.jar:2.13.2]
	at com.fasterxml.jackson.databind.SerializerProvider._createUntypedSerializer(SerializerProvider.java:1495) ~[jackson-databind-2.13.2.jar:2.13.2]
	at com.fasterxml.jackson.databind.SerializerProvider._createAndCacheUntypedSerializer(SerializerProvider.java:1443) ~[jackson-databind-2.13.2.jar:2.13.2]
	at com.fasterxml.jackson.databind.SerializerProvider.findPrimaryPropertySerializer(SerializerProvider.java:705) ~[jackson-databind-2.13.2.jar:2.13.2]
	at com.fasterxml.jackson.databind.ser.impl.PropertySerializerMap.findAndAddPrimarySerializer(PropertySerializerMap.java:64) ~[jackson-databind-2.13.2.jar:2.13.2]
	at com.fasterxml.jackson.databind.ser.BeanPropertyWriter._findAndAddDynamic(BeanPropertyWriter.java:897) ~[jackson-databind-2.13.2.jar:2.13.2]
	at com.fasterxml.jackson.databind.ser.BeanPropertyWriter.serializeAsField(BeanPropertyWriter.java:706) ~[jackson-databind-2.13.2.jar:2.13.2]
	at com.fasterxml.jackson.databind.ser.std.BeanSerializerBase.serializeFields(BeanSerializerBase.java:774) ~[jackson-databind-2.13.2.jar:2.13.2]
	at com.fasterxml.jackson.databind.ser.BeanSerializer.serialize(BeanSerializer.java:178) ~[jackson-databind-2.13.2.jar:2.13.2]
	at com.fasterxml.jackson.databind.ser.BeanPropertyWriter.serializeAsField(BeanPropertyWriter.java:728) ~[jackson-databind-2.13.2.jar:2.13.2]
	at com.fasterxml.jackson.databind.ser.std.BeanSerializerBase.serializeFields(BeanSerializerBase.java:774) ~[jackson-databind-2.13.2.jar:2.13.2]
	at com.fasterxml.jackson.databind.ser.BeanSerializer.serialize(BeanSerializer.java:178) ~[jackson-databind-2.13.2.jar:2.13.2]
	at com.fasterxml.jackson.databind.ser.std.MapSerializer.serializeFields(MapSerializer.java:808) ~[jackson-databind-2.13.2.jar:2.13.2]
	at com.fasterxml.jackson.databind.ser.std.MapSerializer.serializeWithoutTypeInfo(MapSerializer.java:764) ~[jackson-databind-2.13.2.jar:2.13.2]
	at com.fasterxml.jackson.databind.ser.std.MapSerializer.serialize(MapSerializer.java:720) ~[jackson-databind-2.13.2.jar:2.13.2]
	at com.fasterxml.jackson.databind.ser.std.MapSerializer.serialize(MapSerializer.java:35) ~[jackson-databind-2.13.2.jar:2.13.2]
	at com.fasterxml.jackson.databind.ser.DefaultSerializerProvider._serialize(DefaultSerializerProvider.java:480) ~[jackson-databind-2.13.2.jar:2.13.2]
	at com.fasterxml.jackson.databind.ser.DefaultSerializerProvider.serializeValue(DefaultSerializerProvider.java:319) ~[jackson-databind-2.13.2.jar:2.13.2]
	at com.fasterxml.jackson.databind.ObjectMapper._writeValueAndClose(ObjectMapper.java:4568) ~[jackson-databind-2.13.2.jar:2.13.2]
	at com.fasterxml.jackson.databind.ObjectMapper.writeValue(ObjectMapper.java:3780) ~[jackson-databind-2.13.2.jar:2.13.2]
	at io.ktor.serialization.jackson.JacksonConverter$serialize$2.invokeSuspend(JacksonConverter.kt:36) ~[ktor-serialization-jackson-jvm-2.0.1.jar:2.0.1]
	at io.ktor.serialization.jackson.JacksonConverter$serialize$2.invoke(JacksonConverter.kt) ~[ktor-serialization-jackson-jvm-2.0.1.jar:2.0.1]
	at io.ktor.serialization.jackson.JacksonConverter$serialize$2.invoke(JacksonConverter.kt) ~[ktor-serialization-jackson-jvm-2.0.1.jar:2.0.1]
	at io.ktor.http.content.OutputStreamContent$writeTo$2.invokeSuspend(OutputStreamContent.kt:28) ~[ktor-http-jvm-2.0.1.jar:2.0.1]
	at io.ktor.http.content.OutputStreamContent$writeTo$2.invoke(OutputStreamContent.kt) ~[ktor-http-jvm-2.0.1.jar:2.0.1]
	at io.ktor.http.content.OutputStreamContent$writeTo$2.invoke(OutputStreamContent.kt) ~[ktor-http-jvm-2.0.1.jar:2.0.1]
	at io.ktor.http.content.BlockingBridgeKt.withBlocking(BlockingBridge.kt:28) ~[ktor-http-jvm-2.0.1.jar:2.0.1]
	at io.ktor.http.content.OutputStreamContent.writeTo(OutputStreamContent.kt:24) ~[ktor-http-jvm-2.0.1.jar:2.0.1]
	at io.ktor.server.plugins.compression.CompressedWriteResponse$writeTo$2.invokeSuspend(Compression.kt:181) ~[ktor-server-compression-jvm-2.0.1.jar:2.0.1]
	at io.ktor.server.plugins.compression.CompressedWriteResponse$writeTo$2.invoke(Compression.kt) ~[ktor-server-compression-jvm-2.0.1.jar:2.0.1]
	at io.ktor.server.plugins.compression.CompressedWriteResponse$writeTo$2.invoke(Compression.kt) ~[ktor-server-compression-jvm-2.0.1.jar:2.0.1]
	at kotlinx.coroutines.intrinsics.UndispatchedKt.startUndispatchedOrReturn(Undispatched.kt:89) ~[kotlinx-coroutines-core-jvm-1.6.1.jar:?]
	at kotlinx.coroutines.CoroutineScopeKt.coroutineScope(CoroutineScope.kt:264) ~[kotlinx-coroutines-core-jvm-1.6.1.jar:?]
	at io.ktor.server.plugins.compression.CompressedWriteResponse.writeTo(Compression.kt:179) ~[ktor-server-compression-jvm-2.0.1.jar:2.0.1]
	at io.ktor.server.engine.BaseApplicationResponse$respondWriteChannelContent$2$1.invokeSuspend(BaseApplicationResponseJvm.kt:173) ~[ktor-server-host-common-jvm-2.0.1.jar:2.0.1]
	at kotlin.coroutines.jvm.internal.BaseContinuationImpl.resumeWith(ContinuationImpl.kt:33) ~[kotlin-stdlib-1.6.21.jar:1.6.21-release-334(1.6.21)]
	at kotlinx.coroutines.DispatchedTask.run(DispatchedTask.kt:106) ~[kotlinx-coroutines-core-jvm-1.6.1.jar:?]
	at kotlinx.coroutines.internal.LimitedDispatcher.run(LimitedDispatcher.kt:42) ~[kotlinx-coroutines-core-jvm-1.6.1.jar:?]
	at kotlinx.coroutines.scheduling.TaskImpl.run(Tasks.kt:95) ~[kotlinx-coroutines-core-jvm-1.6.1.jar:?]
	at kotlinx.coroutines.scheduling.CoroutineScheduler.runSafely(CoroutineScheduler.kt:570) ~[kotlinx-coroutines-core-jvm-1.6.1.jar:?]
	at kotlinx.coroutines.scheduling.CoroutineScheduler$Worker.executeTask(CoroutineScheduler.kt:749) ~[kotlinx-coroutines-core-jvm-1.6.1.jar:?]
	at kotlinx.coroutines.scheduling.CoroutineScheduler$Worker.runWorker(CoroutineScheduler.kt:677) ~[kotlinx-coroutines-core-jvm-1.6.1.jar:?]
	at kotlinx.coroutines.scheduling.CoroutineScheduler$Worker.run(CoroutineScheduler.kt:664) ~[kotlinx-coroutines-core-jvm-1.6.1.jar:?]
