2022-18-09 20:18:03.602  INFO 28276 --- [           main] application                              : Autoreload is disabled because the development mode is off.
2022-18-09 20:18:04.026  INFO 28276 --- [           main] application                              : Application auto-reloaded in 0.419 seconds.
2022-18-09 20:18:04.032 DEBUG 28276 --- [           main] InternalLoggerFactory                    : Using SLF4J as the default logging framework
2022-18-09 20:18:04.060 DEBUG 28276 --- [           main] PlatformDependent0                       : -Dio.netty.noUnsafe: false
2022-18-09 20:18:04.061 DEBUG 28276 --- [           main] PlatformDependent0                       : Java version: 17
2022-18-09 20:18:04.063 DEBUG 28276 --- [           main] PlatformDependent0                       : sun.misc.Unsafe.theUnsafe: available
2022-18-09 20:18:04.064 DEBUG 28276 --- [           main] PlatformDependent0                       : sun.misc.Unsafe.copyMemory: available
2022-18-09 20:18:04.065 DEBUG 28276 --- [           main] PlatformDependent0                       : java.nio.Buffer.address: available
2022-18-09 20:18:04.065 DEBUG 28276 --- [           main] PlatformDependent0                       : direct buffer constructor: unavailable: Reflective setAccessible(true) disabled
2022-18-09 20:18:04.065 DEBUG 28276 --- [           main] PlatformDependent0                       : java.nio.Bits.unaligned: available, true
2022-18-09 20:18:04.067 DEBUG 28276 --- [           main] PlatformDependent0                       : jdk.internal.misc.Unsafe.allocateUninitializedArray(int): unavailable: class io.netty.util.internal.PlatformDependent0$6 cannot access class jdk.internal.misc.Unsafe (in module java.base) because module java.base does not export jdk.internal.misc to unnamed module @56a6d5a6
2022-18-09 20:18:04.068 DEBUG 28276 --- [           main] PlatformDependent0                       : java.nio.DirectByteBuffer.<init>(long, int): unavailable
2022-18-09 20:18:04.068 DEBUG 28276 --- [           main] PlatformDependent                        : sun.misc.Unsafe: available
2022-18-09 20:18:04.068 DEBUG 28276 --- [           main] PlatformDependent                        : maxDirectMemory: 17171480576 bytes (maybe)
2022-18-09 20:18:04.069 DEBUG 28276 --- [           main] PlatformDependent                        : -Dio.netty.tmpdir: R:\Temp (java.io.tmpdir)
2022-18-09 20:18:04.069 DEBUG 28276 --- [           main] PlatformDependent                        : -Dio.netty.bitMode: 64 (sun.arch.data.model)
2022-18-09 20:18:04.070 DEBUG 28276 --- [           main] PlatformDependent                        : Platform: Windows
2022-18-09 20:18:04.070 DEBUG 28276 --- [           main] PlatformDependent                        : -Dio.netty.maxDirectMemory: -1 bytes
2022-18-09 20:18:04.070 DEBUG 28276 --- [           main] PlatformDependent                        : -Dio.netty.uninitializedArrayAllocationThreshold: -1
2022-18-09 20:18:04.072 DEBUG 28276 --- [           main] CleanerJava9                             : java.nio.ByteBuffer.cleaner(): available
2022-18-09 20:18:04.072 DEBUG 28276 --- [           main] PlatformDependent                        : -Dio.netty.noPreferDirect: false
2022-18-09 20:18:04.152 DEBUG 28276 --- [           main] MultithreadEventLoopGroup                : -Dio.netty.eventLoopThreads: 48
2022-18-09 20:18:04.163 DEBUG 28276 --- [           main] InternalThreadLocalMap                   : -Dio.netty.threadLocalMap.stringBuilder.initialSize: 1024
2022-18-09 20:18:04.163 DEBUG 28276 --- [           main] InternalThreadLocalMap                   : -Dio.netty.threadLocalMap.stringBuilder.maxSize: 4096
2022-18-09 20:18:04.168 DEBUG 28276 --- [           main] NioEventLoop                             : -Dio.netty.noKeySetOptimization: false
2022-18-09 20:18:04.168 DEBUG 28276 --- [           main] NioEventLoop                             : -Dio.netty.selectorAutoRebuildThreshold: 512
2022-18-09 20:18:04.174 DEBUG 28276 --- [           main] PlatformDependent                        : org.jctools-core.MpscChunkedArrayQueue: available
2022-18-09 20:18:04.220 DEBUG 28276 --- [           main] DefaultChannelId                         : -Dio.netty.processId: 28276 (auto-detected)
2022-18-09 20:18:04.222 DEBUG 28276 --- [           main] NetUtil                                  : -Djava.net.preferIPv4Stack: false
2022-18-09 20:18:04.222 DEBUG 28276 --- [           main] NetUtil                                  : -Djava.net.preferIPv6Addresses: false
2022-18-09 20:18:04.230 DEBUG 28276 --- [           main] NetUtilInitializations                   : Loopback interface: lo (Software Loopback Interface 1, 127.0.0.1)
2022-18-09 20:18:04.231 DEBUG 28276 --- [           main] NetUtil                                  : Failed to get SOMAXCONN from sysctl and file \proc\sys\net\core\somaxconn. Default: 200
2022-18-09 20:18:04.254 DEBUG 28276 --- [           main] DefaultChannelId                         : -Dio.netty.machineId: 18:c0:4d:ff:fe:30:e1:5c (auto-detected)
2022-18-09 20:18:04.262 DEBUG 28276 --- [           main] ResourceLeakDetector                     : -Dio.netty.leakDetection.level: simple
2022-18-09 20:18:04.262 DEBUG 28276 --- [           main] ResourceLeakDetector                     : -Dio.netty.leakDetection.targetRecords: 4
2022-18-09 20:18:04.279 DEBUG 28276 --- [           main] PooledByteBufAllocator                   : -Dio.netty.allocator.numHeapArenas: 48
2022-18-09 20:18:04.279 DEBUG 28276 --- [           main] PooledByteBufAllocator                   : -Dio.netty.allocator.numDirectArenas: 48
2022-18-09 20:18:04.280 DEBUG 28276 --- [           main] PooledByteBufAllocator                   : -Dio.netty.allocator.pageSize: 8192
2022-18-09 20:18:04.280 DEBUG 28276 --- [           main] PooledByteBufAllocator                   : -Dio.netty.allocator.maxOrder: 11
2022-18-09 20:18:04.280 DEBUG 28276 --- [           main] PooledByteBufAllocator                   : -Dio.netty.allocator.chunkSize: 16777216
2022-18-09 20:18:04.280 DEBUG 28276 --- [           main] PooledByteBufAllocator                   : -Dio.netty.allocator.smallCacheSize: 256
2022-18-09 20:18:04.280 DEBUG 28276 --- [           main] PooledByteBufAllocator                   : -Dio.netty.allocator.normalCacheSize: 64
2022-18-09 20:18:04.280 DEBUG 28276 --- [           main] PooledByteBufAllocator                   : -Dio.netty.allocator.maxCachedBufferCapacity: 32768
2022-18-09 20:18:04.280 DEBUG 28276 --- [           main] PooledByteBufAllocator                   : -Dio.netty.allocator.cacheTrimInterval: 8192
2022-18-09 20:18:04.281 DEBUG 28276 --- [           main] PooledByteBufAllocator                   : -Dio.netty.allocator.cacheTrimIntervalMillis: 0
2022-18-09 20:18:04.281 DEBUG 28276 --- [           main] PooledByteBufAllocator                   : -Dio.netty.allocator.useCacheForAllThreads: true
2022-18-09 20:18:04.281 DEBUG 28276 --- [           main] PooledByteBufAllocator                   : -Dio.netty.allocator.maxCachedByteBuffersPerChunk: 1023
2022-18-09 20:18:04.292 DEBUG 28276 --- [           main] ByteBufUtil                              : -Dio.netty.allocator.type: pooled
2022-18-09 20:18:04.292 DEBUG 28276 --- [           main] ByteBufUtil                              : -Dio.netty.threadLocalDirectBufferSize: 0
2022-18-09 20:18:04.292 DEBUG 28276 --- [           main] ByteBufUtil                              : -Dio.netty.maxThreadLocalCharBufferSize: 16384
2022-18-09 20:18:04.305  INFO 28276 --- [DefaultDispatch] application                              : Responding at http://localhost:8080
2022-19-09 20:19:51.725 DEBUG 28276 --- [eventLoopGroupP] AbstractByteBuf                          : -Dio.netty.buffer.checkAccessible: true
2022-19-09 20:19:51.725 DEBUG 28276 --- [eventLoopGroupP] AbstractByteBuf                          : -Dio.netty.buffer.checkBounds: true
2022-19-09 20:19:51.726 DEBUG 28276 --- [eventLoopGroupP] ResourceLeakDetectorFactory              : Loaded default ResourceLeakDetector: io.netty.util.ResourceLeakDetector@56d40d3
2022-19-09 20:19:51.751 DEBUG 28276 --- [eventLoopGroupP] Recycler                                 : -Dio.netty.recycler.maxCapacityPerThread: 4096
2022-19-09 20:19:51.752 DEBUG 28276 --- [eventLoopGroupP] Recycler                                 : -Dio.netty.recycler.ratio: 8
2022-19-09 20:19:51.752 DEBUG 28276 --- [eventLoopGroupP] Recycler                                 : -Dio.netty.recycler.chunkSize: 32
2022-19-09 20:19:51.752 DEBUG 28276 --- [eventLoopGroupP] Recycler                                 : -Dio.netty.recycler.blocking: false
